app/build/outputs/logs/manifest-merger-release-report.txt
-- Merging decision tree log ---
manifest
ADDED from src\main\AndroidManifest.xml:2:1-140:12
	xmlns:android
		ADDED from src\main\AndroidManifest.xml:2:11-69
	package
		ADDED from src\main\AndroidManifest.xml:3:5-35
		INJECTED from src\main\AndroidManifest.xml
		INJECTED from src\main\AndroidManifest.xml
	android:versionName
		ADDED from src\main\AndroidManifest.xml:5:5-46
	android:versionCode
		ADDED from src\main\AndroidManifest.xml:4:5-28
		INJECTED from src\main\AndroidManifest.xml
		INJECTED from src\main\AndroidManifest.xml
uses-sdk
ADDED from src\main\AndroidManifest.xml:7:5-9:41
	android:targetSdkVersion
		ADDED from src\main\AndroidManifest.xml:9:9-38
		INJECTED from src\main\AndroidManifest.xml
		INJECTED from src\main\AndroidManifest.xml
	android:minSdkVersion
		ADDED from src\main\AndroidManifest.xml:8:9-34
		INJECTED from src\main\AndroidManifest.xml
		INJECTED from src\main\AndroidManifest.xml
uses-permission#android.permission.INTERNET
ADDED from src\main\AndroidManifest.xml:11:5-67
	android:name
		ADDED from src\main\AndroidManifest.xml:11:22-64
uses-permission#android.permission.SYSTEM_ALERT_WINDOW
ADDED from src\main\AndroidManifest.xml:12:5-78
	android:name
		ADDED from src\main\AndroidManifest.xml:12:22-75
uses-permission#android.permission.ACCESS_NETWORK_STATE
ADDED from src\main\AndroidManifest.xml:13:5-79
	android:name
		ADDED from src\main\AndroidManifest.xml:13:22-76
uses-permission#android.permission.VIBRATE
ADDED from src\main\AndroidManifest.xml:14:5-66
	android:name
		ADDED from src\main\AndroidManifest.xml:14:22-63
uses-permission#android.permission.WAKE_LOCK
ADDED from src\main\AndroidManifest.xml:15:5-68
	android:name
		ADDED from src\main\AndroidManifest.xml:15:22-65
uses-permission#android.permission.RECEIVE_BOOT_COMPLETED
ADDED from src\main\AndroidManifest.xml:16:5-81
	android:name
		ADDED from src\main\AndroidManifest.xml:16:22-78
uses-permission#android.permission.GET_TASKS
ADDED from src\main\AndroidManifest.xml:17:5-68
	android:name
		ADDED from src\main\AndroidManifest.xml:17:22-65
uses-permission#android.permission.WRITE_EXTERNAL_STORAGE
ADDED from src\main\AndroidManifest.xml:18:5-81
	android:name
		ADDED from src\main\AndroidManifest.xml:18:22-78
uses-permission#android.permission.CAMERA
ADDED from src\main\AndroidManifest.xml:19:5-65
	android:name
		ADDED from src\main\AndroidManifest.xml:19:22-62
uses-feature#android.hardware.camera
ADDED from src\main\AndroidManifest.xml:21:5-60
	android:name
		ADDED from src\main\AndroidManifest.xml:21:19-57
uses-feature#android.hardware.camera.autofocus
ADDED from src\main\AndroidManifest.xml:22:5-70
	android:name
		ADDED from src\main\AndroidManifest.xml:22:19-67
uses-permission#android.permission.ACCESS_FINE_LOCATION
ADDED from src\main\AndroidManifest.xml:27:5-79
	android:name
		ADDED from src\main\AndroidManifest.xml:27:22-76
uses-permission#android.permission.ACCESS_COARSE_LOCATION
ADDED from src\main\AndroidManifest.xml:28:5-81
	android:name
		ADDED from src\main\AndroidManifest.xml:28:22-78
application
ADDED from src\main\AndroidManifest.xml:30:5-138:19
	android:label
		ADDED from src\main\AndroidManifest.xml:33:9-41
	android:icon
		ADDED from src\main\AndroidManifest.xml:32:9-45
	android:theme
		ADDED from src\main\AndroidManifest.xml:34:9-50
	android:name
		ADDED from src\main\AndroidManifest.xml:31:9-45
activity#com.genware.activity.SplashActivity
ADDED from src\main\AndroidManifest.xml:35:9-44:20
	android:screenOrientation
		ADDED from src\main\AndroidManifest.xml:37:13-49
	android:theme
		ADDED from src\main\AndroidManifest.xml:38:13-54
	android:name
		ADDED from src\main\AndroidManifest.xml:36:13-63
intent-filter#android.intent.action.MAIN+android.intent.category.LAUNCHER
ADDED from src\main\AndroidManifest.xml:39:13-43:29
action#android.intent.action.MAIN
ADDED from src\main\AndroidManifest.xml:40:17-69
	android:name
		ADDED from src\main\AndroidManifest.xml:40:25-66
category#android.intent.category.LAUNCHER
ADDED from src\main\AndroidManifest.xml:42:17-77
	android:name
		ADDED from src\main\AndroidManifest.xml:42:27-74
activity#com.genware.activity.LoginActivity
ADDED from src\main\AndroidManifest.xml:45:9-55:20
	android:windowSoftInputMode
		ADDED from src\main\AndroidManifest.xml:49:13-70
	android:screenOrientation
		ADDED from src\main\AndroidManifest.xml:47:13-49
	android:theme
		ADDED from src\main\AndroidManifest.xml:48:13-54
	android:name
		ADDED from src\main\AndroidManifest.xml:46:13-62
intent-filter#android.intent.category.DEFAULT+com.way.xx.action.LOGIN
ADDED from src\main\AndroidManifest.xml:50:13-54:29
action#com.way.xx.action.LOGIN
ADDED from src\main\AndroidManifest.xml:51:17-66
	android:name
		ADDED from src\main\AndroidManifest.xml:51:25-63
category#android.intent.category.DEFAULT
ADDED from src\main\AndroidManifest.xml:53:17-76
	android:name
		ADDED from src\main\AndroidManifest.xml:53:27-73
activity#com.genware.activity.MainActivity
ADDED from src\main\AndroidManifest.xml:56:9-62:20
	android:windowSoftInputMode
		ADDED from src\main\AndroidManifest.xml:61:13-70
	android:screenOrientation
		ADDED from src\main\AndroidManifest.xml:59:13-49
	android:label
		ADDED from src\main\AndroidManifest.xml:58:13-45
	android:theme
		ADDED from src\main\AndroidManifest.xml:60:13-54
	android:name
		ADDED from src\main\AndroidManifest.xml:57:13-61
activity#com.genware.activity.ChatActivity
ADDED from src\main\AndroidManifest.xml:63:9-77:20
	android:windowSoftInputMode
		ADDED from src\main\AndroidManifest.xml:71:13-67
	android:configChanges
		ADDED from src\main\AndroidManifest.xml:66:13-81
	android:theme
		ADDED from src\main\AndroidManifest.xml:70:13-64
	android:hardwareAccelerated
		ADDED from src\main\AndroidManifest.xml:68:13-47
	android:exported
		ADDED from src\main\AndroidManifest.xml:67:13-36
	android:name
		ADDED from src\main\AndroidManifest.xml:64:13-61
	android:alwaysRetainTaskState
		ADDED from src\main\AndroidManifest.xml:65:13-49
	android:launchMode
		ADDED from src\main\AndroidManifest.xml:69:13-43
intent-filter#android.intent.category.DEFAULT+com.way.xx.action.CHAT
ADDED from src\main\AndroidManifest.xml:72:13-76:29
action#com.way.xx.action.CHAT
ADDED from src\main\AndroidManifest.xml:73:17-65
	android:name
		ADDED from src\main\AndroidManifest.xml:73:25-62
activity#com.genware.activity.AboutActivity
ADDED from src\main\AndroidManifest.xml:78:9-87:20
	android:windowSoftInputMode
		ADDED from src\main\AndroidManifest.xml:86:13-67
	android:configChanges
		ADDED from src\main\AndroidManifest.xml:81:13-81
	android:theme
		ADDED from src\main\AndroidManifest.xml:85:13-64
	android:hardwareAccelerated
		ADDED from src\main\AndroidManifest.xml:83:13-47
	android:exported
		ADDED from src\main\AndroidManifest.xml:82:13-36
	android:name
		ADDED from src\main\AndroidManifest.xml:79:13-62
	android:alwaysRetainTaskState
		ADDED from src\main\AndroidManifest.xml:80:13-49
	android:launchMode
		ADDED from src\main\AndroidManifest.xml:84:13-43
activity#com.genware.activity.FeedBackActivity
ADDED from src\main\AndroidManifest.xml:88:9-97:20
	android:windowSoftInputMode
		ADDED from src\main\AndroidManifest.xml:96:13-67
	android:configChanges
		ADDED from src\main\AndroidManifest.xml:91:13-81
	android:theme
		ADDED from src\main\AndroidManifest.xml:95:13-64
	android:hardwareAccelerated
		ADDED from src\main\AndroidManifest.xml:93:13-47
	android:exported
		ADDED from src\main\AndroidManifest.xml:92:13-36
	android:name
		ADDED from src\main\AndroidManifest.xml:89:13-65
	android:alwaysRetainTaskState
		ADDED from src\main\AndroidManifest.xml:90:13-49
	android:launchMode
		ADDED from src\main\AndroidManifest.xml:94:13-43
activity#com.genware.activity.ImgPageActivity
ADDED from src\main\AndroidManifest.xml:98:9-101:20
	android:theme
		ADDED from src\main\AndroidManifest.xml:100:13-64
	android:name
		ADDED from src\main\AndroidManifest.xml:99:13-64
activity#com.genware.activity.RegisterActivity
ADDED from src\main\AndroidManifest.xml:102:9-105:20
	android:theme
		ADDED from src\main\AndroidManifest.xml:104:13-64
	android:name
		ADDED from src\main\AndroidManifest.xml:103:13-65
service#com.genware.service.XXService
ADDED from src\main\AndroidManifest.xml:107:9-65
	android:name
		ADDED from src\main\AndroidManifest.xml:107:18-62
receiver#com.genware.app.XXBroadcastReceiver
ADDED from src\main\AndroidManifest.xml:109:9-115:20
	android:name
		ADDED from src\main\AndroidManifest.xml:109:19-69
intent-filter#android.intent.action.ACTION_SHUTDOWN+android.intent.action.BOOT_COMPLETED+android.net.conn.CONNECTIVITY_CHANGE
ADDED from src\main\AndroidManifest.xml:110:13-114:29
action#android.intent.action.BOOT_COMPLETED
ADDED from src\main\AndroidManifest.xml:111:17-79
	android:name
		ADDED from src\main\AndroidManifest.xml:111:25-76
action#android.intent.action.ACTION_SHUTDOWN
ADDED from src\main\AndroidManifest.xml:112:17-80
	android:name
		ADDED from src\main\AndroidManifest.xml:112:25-77
action#android.net.conn.CONNECTIVITY_CHANGE
ADDED from src\main\AndroidManifest.xml:113:17-79
	android:name
		ADDED from src\main\AndroidManifest.xml:113:25-76
provider#com.genware.db.ChatProvider
ADDED from src\main\AndroidManifest.xml:117:9-119:63
	android:authorities
		ADDED from src\main\AndroidManifest.xml:119:13-60
	android:name
		ADDED from src\main\AndroidManifest.xml:118:13-55
provider#com.genware.db.RosterProvider
ADDED from src\main\AndroidManifest.xml:120:9-122:64
	android:authorities
		ADDED from src\main\AndroidManifest.xml:122:13-61
	android:name
		ADDED from src\main\AndroidManifest.xml:121:13-57
activity#com.genware.activity.SendFileActivity
ADDED from src\main\AndroidManifest.xml:124:9-125:20
	android:name
		ADDED from src\main\AndroidManifest.xml:124:19-71
activity#com.genware.activity.TxtShowActivity
ADDED from src\main\AndroidManifest.xml:126:9-127:20
	android:name
		ADDED from src\main\AndroidManifest.xml:126:19-70
activity#com.genware.activity.AddFriendActivity
ADDED from src\main\AndroidManifest.xml:128:9-129:20
	android:name
		ADDED from src\main\AndroidManifest.xml:128:19-72
activity#com.genware.activity.GroupChatActivity
ADDED from src\main\AndroidManifest.xml:130:9-131:20
	android:name
		ADDED from src\main\AndroidManifest.xml:130:19-72
activity#com.genware.activity.RoomChatActivity
ADDED from src\main\AndroidManifest.xml:132:9-133:20
	android:name
		ADDED from src\main\AndroidManifest.xml:132:19-71
activity#com.genware.activity.CaptureActivity
ADDED from src\main\AndroidManifest.xml:134:9-137:20
	android:label
		ADDED from src\main\AndroidManifest.xml:136:13-59
	android:name
		ADDED from src\main\AndroidManifest.xml:135:13-64